mode: set
github.com/optimus1508/bookings/internal/handlers/handlers.go:24.47,28.2 1 0
github.com/optimus1508/bookings/internal/handlers/handlers.go:31.33,33.2 1 0
github.com/optimus1508/bookings/internal/handlers/handlers.go:36.67,40.2 3 0
github.com/optimus1508/bookings/internal/handlers/handlers.go:43.68,56.2 5 0
github.com/optimus1508/bookings/internal/handlers/handlers.go:59.74,68.2 4 0
github.com/optimus1508/bookings/internal/handlers/handlers.go:71.78,73.16 2 0
github.com/optimus1508/bookings/internal/handlers/handlers.go:73.16,76.3 2 0
github.com/optimus1508/bookings/internal/handlers/handlers.go:78.2,91.19 6 0
github.com/optimus1508/bookings/internal/handlers/handlers.go:91.19,100.3 4 0
github.com/optimus1508/bookings/internal/handlers/handlers.go:102.2,104.66 2 0
github.com/optimus1508/bookings/internal/handlers/handlers.go:108.71,110.2 1 0
github.com/optimus1508/bookings/internal/handlers/handlers.go:113.69,115.2 1 0
github.com/optimus1508/bookings/internal/handlers/handlers.go:118.75,120.2 1 0
github.com/optimus1508/bookings/internal/handlers/handlers.go:123.79,127.2 3 0
github.com/optimus1508/bookings/internal/handlers/handlers.go:135.79,142.16 3 0
github.com/optimus1508/bookings/internal/handlers/handlers.go:142.16,144.3 1 0
github.com/optimus1508/bookings/internal/handlers/handlers.go:146.2,149.14 3 0
github.com/optimus1508/bookings/internal/handlers/handlers.go:153.70,155.2 1 0
github.com/optimus1508/bookings/internal/handlers/handlers.go:157.81,159.9 2 0
github.com/optimus1508/bookings/internal/handlers/handlers.go:159.9,164.3 4 0
github.com/optimus1508/bookings/internal/handlers/handlers.go:166.2,171.4 4 0
